<?xml version="1.0" encoding="UTF-8"?>
<testng-results ignored="0" total="0" passed="0" failed="0" skipped="0">
  <reporter-output>
    <line>
      <![CDATA[Test Execution Started]]>
    </line>
    <line>
      <![CDATA[Test Execution Started]]>
    </line>
    <line>
      <![CDATA[Test Skipped]]>
    </line>
    <line>
      <![CDATA[Test Execution Started]]>
    </line>
    <line>
      <![CDATA[Test Skipped]]>
    </line>
    <line>
      <![CDATA[Test Execution Started]]>
    </line>
    <line>
      <![CDATA[Test Skipped]]>
    </line>
    <line>
      <![CDATA[Test Execution Started]]>
    </line>
    <line>
      <![CDATA[Test Skipped]]>
    </line>
    <line>
      <![CDATA[Test Execution Started]]>
    </line>
  </reporter-output>
  <suite started-at="2025-01-30T19:58:30 IST" name="Suite" finished-at="2025-01-30T19:58:30 IST" duration-ms="0">
    <groups>
    </groups>
  </suite> <!-- Suite -->
</testng-results>
